[2022-05-06 01:28:04.881 +0000] [31mERROR[39m (3535 on seonsy.local): [36mν•΄λ‹Ή κ°€μ… λ‚΄μ—­μ΄ μ—†μµλ‹λ‹¤. λ‹¤μ‹ ν• λ² ν™•μΈν•΄ μ£Όμ„Έμ”.[39m
    err: {
      "stack":
          Error: ν•΄λ‹Ή κ°€μ… λ‚΄μ—­μ΄ μ—†μµλ‹λ‹¤. λ‹¤μ‹ ν• λ² ν™•μΈν•΄ μ£Όμ„Έμ”.
              at file:///Users/seonmingyeong/Documents/sample-project/back/src/routers/userRouter.mjs:85:15
              at processTicksAndRejections (node:internal/process/task_queues:96:5)
      "statusCode": 500
    }
[2022-05-06 01:28:12.264 +0000] [31mERROR[39m (3535 on seonsy.local): [36mν•΄λ‹Ή κ°€μ… λ‚΄μ—­μ΄ μ—†μµλ‹λ‹¤. λ‹¤μ‹ ν• λ² ν™•μΈν•΄ μ£Όμ„Έμ”.[39m
    err: {
      "stack":
          Error: ν•΄λ‹Ή κ°€μ… λ‚΄μ—­μ΄ μ—†μµλ‹λ‹¤. λ‹¤μ‹ ν• λ² ν™•μΈν•΄ μ£Όμ„Έμ”.
              at file:///Users/seonmingyeong/Documents/sample-project/back/src/routers/userRouter.mjs:85:15
              at processTicksAndRejections (node:internal/process/task_queues:96:5)
      "statusCode": 500
    }
[2022-05-06 01:28:16.846 +0000] [31mERROR[39m (3535 on seonsy.local): [36mν•΄λ‹Ή κ°€μ… λ‚΄μ—­μ΄ μ—†μµλ‹λ‹¤. λ‹¤μ‹ ν• λ² ν™•μΈν•΄ μ£Όμ„Έμ”.[39m
    err: {
      "stack":
          Error: ν•΄λ‹Ή κ°€μ… λ‚΄μ—­μ΄ μ—†μµλ‹λ‹¤. λ‹¤μ‹ ν• λ² ν™•μΈν•΄ μ£Όμ„Έμ”.
              at file:///Users/seonmingyeong/Documents/sample-project/back/src/routers/userRouter.mjs:85:15
              at processTicksAndRejections (node:internal/process/task_queues:96:5)
      "statusCode": 500
    }
[2022-05-06 01:28:33.665 +0000] [31mERROR[39m (3535 on seonsy.local): [36mν•΄λ‹Ή κ°€μ… λ‚΄μ—­μ΄ μ—†μµλ‹λ‹¤. λ‹¤μ‹ ν• λ² ν™•μΈν•΄ μ£Όμ„Έμ”.[39m
    err: {
      "stack":
          Error: ν•΄λ‹Ή κ°€μ… λ‚΄μ—­μ΄ μ—†μµλ‹λ‹¤. λ‹¤μ‹ ν• λ² ν™•μΈν•΄ μ£Όμ„Έμ”.
              at file:///Users/seonmingyeong/Documents/sample-project/back/src/routers/userRouter.mjs:85:15
              at processTicksAndRejections (node:internal/process/task_queues:96:5)
      "statusCode": 500
    }
[2022-05-06 01:28:58.538 +0000] [31mERROR[39m (3535 on seonsy.local): [36mν•΄λ‹Ή κ°€μ… λ‚΄μ—­μ΄ μ—†μµλ‹λ‹¤. λ‹¤μ‹ ν• λ² ν™•μΈν•΄ μ£Όμ„Έμ”.[39m
    err: {
      "stack":
          Error: ν•΄λ‹Ή κ°€μ… λ‚΄μ—­μ΄ μ—†μµλ‹λ‹¤. λ‹¤μ‹ ν• λ² ν™•μΈν•΄ μ£Όμ„Έμ”.
              at file:///Users/seonmingyeong/Documents/sample-project/back/src/routers/userRouter.mjs:85:15
              at processTicksAndRejections (node:internal/process/task_queues:96:5)
      "statusCode": 500
    }
[2022-05-06 01:29:17.787 +0000] [31mERROR[39m (3535 on seonsy.local): [36mν•΄λ‹Ή κ°€μ… λ‚΄μ—­μ΄ μ—†μµλ‹λ‹¤. λ‹¤μ‹ ν• λ² ν™•μΈν•΄ μ£Όμ„Έμ”.[39m
    err: {
      "stack":
          Error: ν•΄λ‹Ή κ°€μ… λ‚΄μ—­μ΄ μ—†μµλ‹λ‹¤. λ‹¤μ‹ ν• λ² ν™•μΈν•΄ μ£Όμ„Έμ”.
              at file:///Users/seonmingyeong/Documents/sample-project/back/src/routers/userRouter.mjs:85:15
              at processTicksAndRejections (node:internal/process/task_queues:96:5)
      "statusCode": 500
    }
[2022-05-06 01:29:45.004 +0000] [31mERROR[39m (3535 on seonsy.local): [36mν•΄λ‹Ή κ°€μ… λ‚΄μ—­μ΄ μ—†μµλ‹λ‹¤. λ‹¤μ‹ ν• λ² ν™•μΈν•΄ μ£Όμ„Έμ”.[39m
    err: {
      "stack":
          Error: ν•΄λ‹Ή κ°€μ… λ‚΄μ—­μ΄ μ—†μµλ‹λ‹¤. λ‹¤μ‹ ν• λ² ν™•μΈν•΄ μ£Όμ„Έμ”.
              at file:///Users/seonmingyeong/Documents/sample-project/back/src/routers/userRouter.mjs:85:15
              at processTicksAndRejections (node:internal/process/task_queues:96:5)
      "statusCode": 500
    }
[2022-05-06 01:30:04.834 +0000] [31mERROR[39m (3535 on seonsy.local): [36mν•΄λ‹Ή κ°€μ… λ‚΄μ—­μ΄ μ—†μµλ‹λ‹¤. λ‹¤μ‹ ν• λ² ν™•μΈν•΄ μ£Όμ„Έμ”.[39m
    err: {
      "stack":
          Error: ν•΄λ‹Ή κ°€μ… λ‚΄μ—­μ΄ μ—†μµλ‹λ‹¤. λ‹¤μ‹ ν• λ² ν™•μΈν•΄ μ£Όμ„Έμ”.
              at file:///Users/seonmingyeong/Documents/sample-project/back/src/routers/userRouter.mjs:85:15
              at processTicksAndRejections (node:internal/process/task_queues:96:5)
      "statusCode": 500
    }
[2022-05-06 01:35:10.410 +0000] [31mERROR[39m (3535 on seonsy.local): [36mν•΄λ‹Ή κ°€μ… λ‚΄μ—­μ΄ μ—†μµλ‹λ‹¤. λ‹¤μ‹ ν• λ² ν™•μΈν•΄ μ£Όμ„Έμ”.[39m
    err: {
      "stack":
          Error: ν•΄λ‹Ή κ°€μ… λ‚΄μ—­μ΄ μ—†μµλ‹λ‹¤. λ‹¤μ‹ ν• λ² ν™•μΈν•΄ μ£Όμ„Έμ”.
              at file:///Users/seonmingyeong/Documents/sample-project/back/src/routers/userRouter.mjs:85:15
              at processTicksAndRejections (node:internal/process/task_queues:96:5)
      "statusCode": 500
    }
